==315426== Memcheck, a memory error detector
==315426== Copyright (C) 2002-2017, and GNU GPL'd, by Julian Seward et al.
==315426== Using Valgrind-3.16.1 and LibVEX; rerun with -h for copyright info
==315426== Command: ./output/hexify src/draw.c
==315426== Parent PID: 221291
==315426== 
==315426== Use of uninitialised value of size 8
==315426==    at 0x4A7369A: _itoa_word (in /usr/lib/libc-2.33.so)
==315426==    by 0x4A8CFB8: __vfprintf_internal (in /usr/lib/libc-2.33.so)
==315426==    by 0x4A9F199: __vsnprintf_internal (in /usr/lib/libc-2.33.so)
==315426==    by 0x49DC2E5: _nc_printf_string_sp (in /usr/lib/libncursesw.so.6.2)
==315426==    by 0x49D5AB2: vwprintw (in /usr/lib/libncursesw.so.6.2)
==315426==    by 0x49D5C54: wprintw (in /usr/lib/libncursesw.so.6.2)
==315426==    by 0x109841: gui_draw_hex (draw.c:108)
==315426==    by 0x109CC8: draw_cursor_down (draw.c:180)
==315426==    by 0x10A165: main (hexify.c:90)
==315426==  Uninitialised value was created by a heap allocation
==315426==    at 0x483E77F: malloc (vg_replace_malloc.c:307)
==315426==    by 0x10A23F: xmalloc (xmemtools.c:9)
==315426==    by 0x109F51: file_name_get_content (file.c:20)
==315426==    by 0x10A065: main (hexify.c:55)
==315426== 
==315426== Conditional jump or move depends on uninitialised value(s)
==315426==    at 0x4A736AC: _itoa_word (in /usr/lib/libc-2.33.so)
==315426==    by 0x4A8CFB8: __vfprintf_internal (in /usr/lib/libc-2.33.so)
==315426==    by 0x4A9F199: __vsnprintf_internal (in /usr/lib/libc-2.33.so)
==315426==    by 0x49DC2E5: _nc_printf_string_sp (in /usr/lib/libncursesw.so.6.2)
==315426==    by 0x49D5AB2: vwprintw (in /usr/lib/libncursesw.so.6.2)
==315426==    by 0x49D5C54: wprintw (in /usr/lib/libncursesw.so.6.2)
==315426==    by 0x109841: gui_draw_hex (draw.c:108)
==315426==    by 0x109CC8: draw_cursor_down (draw.c:180)
==315426==    by 0x10A165: main (hexify.c:90)
==315426==  Uninitialised value was created by a heap allocation
==315426==    at 0x483E77F: malloc (vg_replace_malloc.c:307)
==315426==    by 0x10A23F: xmalloc (xmemtools.c:9)
==315426==    by 0x109F51: file_name_get_content (file.c:20)
==315426==    by 0x10A065: main (hexify.c:55)
==315426== 
==315426== Conditional jump or move depends on uninitialised value(s)
==315426==    at 0x4A8DC33: __vfprintf_internal (in /usr/lib/libc-2.33.so)
==315426==    by 0x4A9F199: __vsnprintf_internal (in /usr/lib/libc-2.33.so)
==315426==    by 0x49DC2E5: _nc_printf_string_sp (in /usr/lib/libncursesw.so.6.2)
==315426==    by 0x49D5AB2: vwprintw (in /usr/lib/libncursesw.so.6.2)
==315426==    by 0x49D5C54: wprintw (in /usr/lib/libncursesw.so.6.2)
==315426==    by 0x109841: gui_draw_hex (draw.c:108)
==315426==    by 0x109CC8: draw_cursor_down (draw.c:180)
==315426==    by 0x10A165: main (hexify.c:90)
==315426==  Uninitialised value was created by a heap allocation
==315426==    at 0x483E77F: malloc (vg_replace_malloc.c:307)
==315426==    by 0x10A23F: xmalloc (xmemtools.c:9)
==315426==    by 0x109F51: file_name_get_content (file.c:20)
==315426==    by 0x10A065: main (hexify.c:55)
==315426== 
==315426== Conditional jump or move depends on uninitialised value(s)
==315426==    at 0x4A8D0D8: __vfprintf_internal (in /usr/lib/libc-2.33.so)
==315426==    by 0x4A9F199: __vsnprintf_internal (in /usr/lib/libc-2.33.so)
==315426==    by 0x49DC2E5: _nc_printf_string_sp (in /usr/lib/libncursesw.so.6.2)
==315426==    by 0x49D5AB2: vwprintw (in /usr/lib/libncursesw.so.6.2)
==315426==    by 0x49D5C54: wprintw (in /usr/lib/libncursesw.so.6.2)
==315426==    by 0x109841: gui_draw_hex (draw.c:108)
==315426==    by 0x109CC8: draw_cursor_down (draw.c:180)
==315426==    by 0x10A165: main (hexify.c:90)
==315426==  Uninitialised value was created by a heap allocation
==315426==    at 0x483E77F: malloc (vg_replace_malloc.c:307)
==315426==    by 0x10A23F: xmalloc (xmemtools.c:9)
==315426==    by 0x109F51: file_name_get_content (file.c:20)
==315426==    by 0x10A065: main (hexify.c:55)
==315426== 
==315426== Conditional jump or move depends on uninitialised value(s)
==315426==    at 0x10986C: gui_draw_hex (draw.c:111)
==315426==    by 0x109CC8: draw_cursor_down (draw.c:180)
==315426==    by 0x10A165: main (hexify.c:90)
==315426==  Uninitialised value was created by a heap allocation
==315426==    at 0x483E77F: malloc (vg_replace_malloc.c:307)
==315426==    by 0x10A23F: xmalloc (xmemtools.c:9)
==315426==    by 0x109F51: file_name_get_content (file.c:20)
==315426==    by 0x10A065: main (hexify.c:55)
==315426== 
==315426== Conditional jump or move depends on uninitialised value(s)
==315426==    at 0x109871: gui_draw_hex (draw.c:111)
==315426==    by 0x109CC8: draw_cursor_down (draw.c:180)
==315426==    by 0x10A165: main (hexify.c:90)
==315426==  Uninitialised value was created by a heap allocation
==315426==    at 0x483E77F: malloc (vg_replace_malloc.c:307)
==315426==    by 0x10A23F: xmalloc (xmemtools.c:9)
==315426==    by 0x109F51: file_name_get_content (file.c:20)
==315426==    by 0x10A065: main (hexify.c:55)
==315426== 
==315426== Conditional jump or move depends on uninitialised value(s)
==315426==    at 0x4841C75: strlen (vg_replace_strmem.c:459)
==315426==    by 0x49C971C: waddnstr (in /usr/lib/libncursesw.so.6.2)
==315426==    by 0x49D5C54: wprintw (in /usr/lib/libncursesw.so.6.2)
==315426==    by 0x1098DF: gui_draw_hex (draw.c:120)
==315426==    by 0x109CC8: draw_cursor_down (draw.c:180)
==315426==    by 0x10A165: main (hexify.c:90)
==315426==  Uninitialised value was created by a heap allocation
==315426==    at 0x483E77F: malloc (vg_replace_malloc.c:307)
==315426==    by 0x10A23F: xmalloc (xmemtools.c:9)
==315426==    by 0x109F51: file_name_get_content (file.c:20)
==315426==    by 0x10A065: main (hexify.c:55)
==315426== 
==315426== Invalid read of size 1
==315426==    at 0x109821: gui_draw_hex (draw.c:108)
==315426==    by 0x109CC8: draw_cursor_down (draw.c:180)
==315426==    by 0x10A165: main (hexify.c:90)
==315426==  Address 0x4bf3016 is 0 bytes after a block of size 7,462 alloc'd
==315426==    at 0x483E77F: malloc (vg_replace_malloc.c:307)
==315426==    by 0x10A23F: xmalloc (xmemtools.c:9)
==315426==    by 0x109F51: file_name_get_content (file.c:20)
==315426==    by 0x10A065: main (hexify.c:55)
==315426== 
==315426== Invalid read of size 1
==315426==    at 0x109863: gui_draw_hex (draw.c:111)
==315426==    by 0x109CC8: draw_cursor_down (draw.c:180)
==315426==    by 0x10A165: main (hexify.c:90)
==315426==  Address 0x4bf3016 is 0 bytes after a block of size 7,462 alloc'd
==315426==    at 0x483E77F: malloc (vg_replace_malloc.c:307)
==315426==    by 0x10A23F: xmalloc (xmemtools.c:9)
==315426==    by 0x109F51: file_name_get_content (file.c:20)
==315426==    by 0x10A065: main (hexify.c:55)
==315426== 
==315426== Invalid read of size 1
==315426==    at 0x1098BF: gui_draw_hex (draw.c:120)
==315426==    by 0x109CC8: draw_cursor_down (draw.c:180)
==315426==    by 0x10A165: main (hexify.c:90)
==315426==  Address 0x4bf3016 is 0 bytes after a block of size 7,462 alloc'd
==315426==    at 0x483E77F: malloc (vg_replace_malloc.c:307)
==315426==    by 0x10A23F: xmalloc (xmemtools.c:9)
==315426==    by 0x109F51: file_name_get_content (file.c:20)
==315426==    by 0x10A065: main (hexify.c:55)
==315426== 
==315426== 
==315426== HEAP SUMMARY:
==315426==     in use at exit: 1,070,567 bytes in 375 blocks
==315426==   total heap usage: 391 allocs, 16 frees, 1,092,345 bytes allocated
==315426== 
==315426== LEAK SUMMARY:
==315426==    definitely lost: 0 bytes in 0 blocks
==315426==    indirectly lost: 0 bytes in 0 blocks
==315426==      possibly lost: 0 bytes in 0 blocks
==315426==    still reachable: 1,070,567 bytes in 375 blocks
==315426==         suppressed: 0 bytes in 0 blocks
==315426== Reachable blocks (those to which a pointer was found) are not shown.
==315426== To see them, rerun with: --leak-check=full --show-leak-kinds=all
==315426== 
==315426== For lists of detected and suppressed errors, rerun with: -s
==315426== ERROR SUMMARY: 85 errors from 10 contexts (suppressed: 0 from 0)
